<?xml version="1.0" encoding="UTF-8"?>
<testsuite xmlns:xsi="http://www.w3.org/2001/XMLSchema-instance" xsi:noNamespaceSchemaLocation="https://maven.apache.org/surefire/maven-surefire-plugin/xsd/surefire-test-report.xsd" version="3.0.2" name="models.LoanTest" time="0.034" tests="1" errors="0" skipped="0" failures="0">
  <properties>
    <property name="java.specification.version" value="22"/>
    <property name="sun.jnu.encoding" value="UTF-8"/>
    <property name="java.class.path" value="/Users/malinsundberg/Utvecklingsverktyg/Inlämningsuppgift2/library/target/test-classes:/Users/malinsundberg/Utvecklingsverktyg/Inlämningsuppgift2/library/target/classes:/Users/malinsundberg/.m2/repository/org/junit/jupiter/junit-jupiter-api/5.9.1/junit-jupiter-api-5.9.1.jar:/Users/malinsundberg/.m2/repository/org/opentest4j/opentest4j/1.2.0/opentest4j-1.2.0.jar:/Users/malinsundberg/.m2/repository/org/junit/platform/junit-platform-commons/1.9.1/junit-platform-commons-1.9.1.jar:/Users/malinsundberg/.m2/repository/org/apiguardian/apiguardian-api/1.1.2/apiguardian-api-1.1.2.jar:/Users/malinsundberg/.m2/repository/org/apache/maven/plugins/maven-javadoc-plugin/3.11.1/maven-javadoc-plugin-3.11.1.jar:/Users/malinsundberg/.m2/repository/org/apache/maven/resolver/maven-resolver-util/1.4.1/maven-resolver-util-1.4.1.jar:/Users/malinsundberg/.m2/repository/org/apache/maven/resolver/maven-resolver-api/1.4.1/maven-resolver-api-1.4.1.jar:/Users/malinsundberg/.m2/repository/javax/inject/javax.inject/1/javax.inject-1.jar:/Users/malinsundberg/.m2/repository/org/apache/maven/reporting/maven-reporting-api/4.0.0/maven-reporting-api-4.0.0.jar:/Users/malinsundberg/.m2/repository/org/apache/maven/maven-archiver/3.6.2/maven-archiver-3.6.2.jar:/Users/malinsundberg/.m2/repository/org/codehaus/plexus/plexus-interpolation/1.27/plexus-interpolation-1.27.jar:/Users/malinsundberg/.m2/repository/org/apache/maven/shared/maven-invoker/3.3.0/maven-invoker-3.3.0.jar:/Users/malinsundberg/.m2/repository/org/apache/maven/shared/maven-shared-utils/3.4.2/maven-shared-utils-3.4.2.jar:/Users/malinsundberg/.m2/repository/org/slf4j/slf4j-api/1.7.36/slf4j-api-1.7.36.jar:/Users/malinsundberg/.m2/repository/org/apache/maven/shared/maven-common-artifact-filters/3.4.0/maven-common-artifact-filters-3.4.0.jar:/Users/malinsundberg/.m2/repository/org/apache/maven/doxia/doxia-sink-api/2.0.0/doxia-sink-api-2.0.0.jar:/Users/malinsundberg/.m2/repository/org/apache/maven/doxia/doxia-site-renderer/2.0.0/doxia-site-renderer-2.0.0.jar:/Users/malinsundberg/.m2/repository/org/apache/maven/doxia/doxia-core/2.0.0/doxia-core-2.0.0.jar:/Users/malinsundberg/.m2/repository/org/apache/maven/doxia/doxia-site-model/2.0.0/doxia-site-model-2.0.0.jar:/Users/malinsundberg/.m2/repository/org/apache/maven/doxia/doxia-skin-model/2.0.0/doxia-skin-model-2.0.0.jar:/Users/malinsundberg/.m2/repository/org/apache/maven/doxia/doxia-module-xhtml5/2.0.0/doxia-module-xhtml5-2.0.0.jar:/Users/malinsundberg/.m2/repository/org/eclipse/sisu/org.eclipse.sisu.plexus/0.9.0.M3/org.eclipse.sisu.plexus-0.9.0.M3.jar:/Users/malinsundberg/.m2/repository/org/eclipse/sisu/org.eclipse.sisu.inject/0.9.0.M3/org.eclipse.sisu.inject-0.9.0.M3.jar:/Users/malinsundberg/.m2/repository/org/codehaus/plexus/plexus-component-annotations/2.1.0/plexus-component-annotations-2.1.0.jar:/Users/malinsundberg/.m2/repository/org/codehaus/plexus/plexus-classworlds/2.6.0/plexus-classworlds-2.6.0.jar:/Users/malinsundberg/.m2/repository/org/codehaus/plexus/plexus-velocity/2.2.0/plexus-velocity-2.2.0.jar:/Users/malinsundberg/.m2/repository/org/apache/velocity/velocity-engine-core/2.4/velocity-engine-core-2.4.jar:/Users/malinsundberg/.m2/repository/org/apache/velocity/tools/velocity-tools-generic/3.1/velocity-tools-generic-3.1.jar:/Users/malinsundberg/.m2/repository/commons-beanutils/commons-beanutils/1.9.4/commons-beanutils-1.9.4.jar:/Users/malinsundberg/.m2/repository/commons-collections/commons-collections/3.2.2/commons-collections-3.2.2.jar:/Users/malinsundberg/.m2/repository/org/apache/commons/commons-digester3/3.2/commons-digester3-3.2.jar:/Users/malinsundberg/.m2/repository/com/github/cliftonlabs/json-simple/3.0.2/json-simple-3.0.2.jar:/Users/malinsundberg/.m2/repository/org/apache/maven/doxia/doxia-integration-tools/2.0.0/doxia-integration-tools-2.0.0.jar:/Users/malinsundberg/.m2/repository/org/codehaus/plexus/plexus-i18n/1.0-beta-10/plexus-i18n-1.0-beta-10.jar:/Users/malinsundberg/.m2/repository/org/apache/maven/wagon/wagon-provider-api/3.5.3/wagon-provider-api-3.5.3.jar:/Users/malinsundberg/.m2/repository/org/apache/commons/commons-lang3/3.17.0/commons-lang3-3.17.0.jar:/Users/malinsundberg/.m2/repository/org/apache/commons/commons-text/1.12.0/commons-text-1.12.0.jar:/Users/malinsundberg/.m2/repository/org/apache/httpcomponents/httpclient/4.5.14/httpclient-4.5.14.jar:/Users/malinsundberg/.m2/repository/commons-logging/commons-logging/1.2/commons-logging-1.2.jar:/Users/malinsundberg/.m2/repository/commons-codec/commons-codec/1.11/commons-codec-1.11.jar:/Users/malinsundberg/.m2/repository/org/apache/httpcomponents/httpcore/4.4.16/httpcore-4.4.16.jar:/Users/malinsundberg/.m2/repository/com/thoughtworks/qdox/qdox/2.1.0/qdox-2.1.0.jar:/Users/malinsundberg/.m2/repository/org/codehaus/plexus/plexus-java/1.3.0/plexus-java-1.3.0.jar:/Users/malinsundberg/.m2/repository/org/ow2/asm/asm/9.7/asm-9.7.jar:/Users/malinsundberg/.m2/repository/org/codehaus/plexus/plexus-utils/4.0.2/plexus-utils-4.0.2.jar:/Users/malinsundberg/.m2/repository/org/codehaus/plexus/plexus-xml/3.0.1/plexus-xml-3.0.1.jar:/Users/malinsundberg/.m2/repository/org/codehaus/plexus/plexus-io/3.5.1/plexus-io-3.5.1.jar:/Users/malinsundberg/.m2/repository/org/codehaus/plexus/plexus-archiver/4.10.0/plexus-archiver-4.10.0.jar:/Users/malinsundberg/.m2/repository/org/apache/commons/commons-compress/1.26.2/commons-compress-1.26.2.jar:/Users/malinsundberg/.m2/repository/io/airlift/aircompressor/0.27/aircompressor-0.27.jar:/Users/malinsundberg/.m2/repository/org/tukaani/xz/1.9/xz-1.9.jar:/Users/malinsundberg/.m2/repository/com/github/luben/zstd-jni/1.5.6-3/zstd-jni-1.5.6-3.jar:/Users/malinsundberg/.m2/repository/commons-io/commons-io/2.17.0/commons-io-2.17.0.jar:/Users/malinsundberg/.m2/repository/org/codehaus/plexus/plexus-interactivity-api/1.3/plexus-interactivity-api-1.3.jar:"/>
    <property name="java.vm.vendor" value="Oracle Corporation"/>
    <property name="sun.arch.data.model" value="64"/>
    <property name="java.vendor.url" value="https://java.oracle.com/"/>
    <property name="user.timezone" value="Europe/Stockholm"/>
    <property name="os.name" value="Mac OS X"/>
    <property name="java.vm.specification.version" value="22"/>
    <property name="sun.java.launcher" value="SUN_STANDARD"/>
    <property name="user.country" value="SE"/>
    <property name="sun.boot.library.path" value="/Library/Java/JavaVirtualMachines/jdk-22.jdk/Contents/Home/lib"/>
    <property name="sun.java.command" value="/Users/malinsundberg/Utvecklingsverktyg/Inlämningsuppgift2/library/target/surefire/surefirebooter-20241124145224799_3.jar /Users/malinsundberg/Utvecklingsverktyg/Inlämningsuppgift2/library/target/surefire 2024-11-24T14-52-24_756-jvmRun1 surefire-20241124145224799_1tmp surefire_0-20241124145224799_2tmp"/>
    <property name="http.nonProxyHosts" value="local|*.local|169.254/16|*.169.254/16"/>
    <property name="jdk.debug" value="release"/>
    <property name="surefire.test.class.path" value="/Users/malinsundberg/Utvecklingsverktyg/Inlämningsuppgift2/library/target/test-classes:/Users/malinsundberg/Utvecklingsverktyg/Inlämningsuppgift2/library/target/classes:/Users/malinsundberg/.m2/repository/org/junit/jupiter/junit-jupiter-api/5.9.1/junit-jupiter-api-5.9.1.jar:/Users/malinsundberg/.m2/repository/org/opentest4j/opentest4j/1.2.0/opentest4j-1.2.0.jar:/Users/malinsundberg/.m2/repository/org/junit/platform/junit-platform-commons/1.9.1/junit-platform-commons-1.9.1.jar:/Users/malinsundberg/.m2/repository/org/apiguardian/apiguardian-api/1.1.2/apiguardian-api-1.1.2.jar:/Users/malinsundberg/.m2/repository/org/apache/maven/plugins/maven-javadoc-plugin/3.11.1/maven-javadoc-plugin-3.11.1.jar:/Users/malinsundberg/.m2/repository/org/apache/maven/resolver/maven-resolver-util/1.4.1/maven-resolver-util-1.4.1.jar:/Users/malinsundberg/.m2/repository/org/apache/maven/resolver/maven-resolver-api/1.4.1/maven-resolver-api-1.4.1.jar:/Users/malinsundberg/.m2/repository/javax/inject/javax.inject/1/javax.inject-1.jar:/Users/malinsundberg/.m2/repository/org/apache/maven/reporting/maven-reporting-api/4.0.0/maven-reporting-api-4.0.0.jar:/Users/malinsundberg/.m2/repository/org/apache/maven/maven-archiver/3.6.2/maven-archiver-3.6.2.jar:/Users/malinsundberg/.m2/repository/org/codehaus/plexus/plexus-interpolation/1.27/plexus-interpolation-1.27.jar:/Users/malinsundberg/.m2/repository/org/apache/maven/shared/maven-invoker/3.3.0/maven-invoker-3.3.0.jar:/Users/malinsundberg/.m2/repository/org/apache/maven/shared/maven-shared-utils/3.4.2/maven-shared-utils-3.4.2.jar:/Users/malinsundberg/.m2/repository/org/slf4j/slf4j-api/1.7.36/slf4j-api-1.7.36.jar:/Users/malinsundberg/.m2/repository/org/apache/maven/shared/maven-common-artifact-filters/3.4.0/maven-common-artifact-filters-3.4.0.jar:/Users/malinsundberg/.m2/repository/org/apache/maven/doxia/doxia-sink-api/2.0.0/doxia-sink-api-2.0.0.jar:/Users/malinsundberg/.m2/repository/org/apache/maven/doxia/doxia-site-renderer/2.0.0/doxia-site-renderer-2.0.0.jar:/Users/malinsundberg/.m2/repository/org/apache/maven/doxia/doxia-core/2.0.0/doxia-core-2.0.0.jar:/Users/malinsundberg/.m2/repository/org/apache/maven/doxia/doxia-site-model/2.0.0/doxia-site-model-2.0.0.jar:/Users/malinsundberg/.m2/repository/org/apache/maven/doxia/doxia-skin-model/2.0.0/doxia-skin-model-2.0.0.jar:/Users/malinsundberg/.m2/repository/org/apache/maven/doxia/doxia-module-xhtml5/2.0.0/doxia-module-xhtml5-2.0.0.jar:/Users/malinsundberg/.m2/repository/org/eclipse/sisu/org.eclipse.sisu.plexus/0.9.0.M3/org.eclipse.sisu.plexus-0.9.0.M3.jar:/Users/malinsundberg/.m2/repository/org/eclipse/sisu/org.eclipse.sisu.inject/0.9.0.M3/org.eclipse.sisu.inject-0.9.0.M3.jar:/Users/malinsundberg/.m2/repository/org/codehaus/plexus/plexus-component-annotations/2.1.0/plexus-component-annotations-2.1.0.jar:/Users/malinsundberg/.m2/repository/org/codehaus/plexus/plexus-classworlds/2.6.0/plexus-classworlds-2.6.0.jar:/Users/malinsundberg/.m2/repository/org/codehaus/plexus/plexus-velocity/2.2.0/plexus-velocity-2.2.0.jar:/Users/malinsundberg/.m2/repository/org/apache/velocity/velocity-engine-core/2.4/velocity-engine-core-2.4.jar:/Users/malinsundberg/.m2/repository/org/apache/velocity/tools/velocity-tools-generic/3.1/velocity-tools-generic-3.1.jar:/Users/malinsundberg/.m2/repository/commons-beanutils/commons-beanutils/1.9.4/commons-beanutils-1.9.4.jar:/Users/malinsundberg/.m2/repository/commons-collections/commons-collections/3.2.2/commons-collections-3.2.2.jar:/Users/malinsundberg/.m2/repository/org/apache/commons/commons-digester3/3.2/commons-digester3-3.2.jar:/Users/malinsundberg/.m2/repository/com/github/cliftonlabs/json-simple/3.0.2/json-simple-3.0.2.jar:/Users/malinsundberg/.m2/repository/org/apache/maven/doxia/doxia-integration-tools/2.0.0/doxia-integration-tools-2.0.0.jar:/Users/malinsundberg/.m2/repository/org/codehaus/plexus/plexus-i18n/1.0-beta-10/plexus-i18n-1.0-beta-10.jar:/Users/malinsundberg/.m2/repository/org/apache/maven/wagon/wagon-provider-api/3.5.3/wagon-provider-api-3.5.3.jar:/Users/malinsundberg/.m2/repository/org/apache/commons/commons-lang3/3.17.0/commons-lang3-3.17.0.jar:/Users/malinsundberg/.m2/repository/org/apache/commons/commons-text/1.12.0/commons-text-1.12.0.jar:/Users/malinsundberg/.m2/repository/org/apache/httpcomponents/httpclient/4.5.14/httpclient-4.5.14.jar:/Users/malinsundberg/.m2/repository/commons-logging/commons-logging/1.2/commons-logging-1.2.jar:/Users/malinsundberg/.m2/repository/commons-codec/commons-codec/1.11/commons-codec-1.11.jar:/Users/malinsundberg/.m2/repository/org/apache/httpcomponents/httpcore/4.4.16/httpcore-4.4.16.jar:/Users/malinsundberg/.m2/repository/com/thoughtworks/qdox/qdox/2.1.0/qdox-2.1.0.jar:/Users/malinsundberg/.m2/repository/org/codehaus/plexus/plexus-java/1.3.0/plexus-java-1.3.0.jar:/Users/malinsundberg/.m2/repository/org/ow2/asm/asm/9.7/asm-9.7.jar:/Users/malinsundberg/.m2/repository/org/codehaus/plexus/plexus-utils/4.0.2/plexus-utils-4.0.2.jar:/Users/malinsundberg/.m2/repository/org/codehaus/plexus/plexus-xml/3.0.1/plexus-xml-3.0.1.jar:/Users/malinsundberg/.m2/repository/org/codehaus/plexus/plexus-io/3.5.1/plexus-io-3.5.1.jar:/Users/malinsundberg/.m2/repository/org/codehaus/plexus/plexus-archiver/4.10.0/plexus-archiver-4.10.0.jar:/Users/malinsundberg/.m2/repository/org/apache/commons/commons-compress/1.26.2/commons-compress-1.26.2.jar:/Users/malinsundberg/.m2/repository/io/airlift/aircompressor/0.27/aircompressor-0.27.jar:/Users/malinsundberg/.m2/repository/org/tukaani/xz/1.9/xz-1.9.jar:/Users/malinsundberg/.m2/repository/com/github/luben/zstd-jni/1.5.6-3/zstd-jni-1.5.6-3.jar:/Users/malinsundberg/.m2/repository/commons-io/commons-io/2.17.0/commons-io-2.17.0.jar:/Users/malinsundberg/.m2/repository/org/codehaus/plexus/plexus-interactivity-api/1.3/plexus-interactivity-api-1.3.jar:"/>
    <property name="sun.cpu.endian" value="little"/>
    <property name="user.home" value="/Users/malinsundberg"/>
    <property name="user.language" value="sv"/>
    <property name="java.specification.vendor" value="Oracle Corporation"/>
    <property name="java.version.date" value="2024-07-16"/>
    <property name="java.home" value="/Library/Java/JavaVirtualMachines/jdk-22.jdk/Contents/Home"/>
    <property name="file.separator" value="/"/>
    <property name="basedir" value="/Users/malinsundberg/Utvecklingsverktyg/Inlämningsuppgift2/library"/>
    <property name="java.vm.compressedOopsMode" value="Zero based"/>
    <property name="line.separator" value="&#10;"/>
    <property name="java.vm.specification.vendor" value="Oracle Corporation"/>
    <property name="java.specification.name" value="Java Platform API Specification"/>
    <property name="apple.awt.application.name" value="ForkedBooter"/>
    <property name="surefire.real.class.path" value="/Users/malinsundberg/Utvecklingsverktyg/Inlämningsuppgift2/library/target/surefire/surefirebooter-20241124145224799_3.jar"/>
    <property name="sun.management.compiler" value="HotSpot 64-Bit Tiered Compilers"/>
    <property name="ftp.nonProxyHosts" value="local|*.local|169.254/16|*.169.254/16"/>
    <property name="java.runtime.version" value="22.0.2+9-70"/>
    <property name="user.name" value="malinsundberg"/>
    <property name="stdout.encoding" value="UTF-8"/>
    <property name="path.separator" value=":"/>
    <property name="os.version" value="13.4"/>
    <property name="java.runtime.name" value="Java(TM) SE Runtime Environment"/>
    <property name="file.encoding" value="UTF-8"/>
    <property name="java.vm.name" value="Java HotSpot(TM) 64-Bit Server VM"/>
    <property name="localRepository" value="/Users/malinsundberg/.m2/repository"/>
    <property name="java.vendor.url.bug" value="https://bugreport.java.com/bugreport/"/>
    <property name="java.io.tmpdir" value="/var/folders/7p/t2nnl_w95wg86fywhrn5kb440000gn/T/"/>
    <property name="java.version" value="22.0.2"/>
    <property name="user.dir" value="/Users/malinsundberg/Utvecklingsverktyg/Inlämningsuppgift2/library"/>
    <property name="os.arch" value="aarch64"/>
    <property name="java.vm.specification.name" value="Java Virtual Machine Specification"/>
    <property name="native.encoding" value="UTF-8"/>
    <property name="java.library.path" value="/Users/malinsundberg/Library/Java/Extensions:/Library/Java/Extensions:/Network/Library/Java/Extensions:/System/Library/Java/Extensions:/usr/lib/java:."/>
    <property name="java.vm.info" value="mixed mode, sharing"/>
    <property name="stderr.encoding" value="UTF-8"/>
    <property name="java.vendor" value="Oracle Corporation"/>
    <property name="java.vm.version" value="22.0.2+9-70"/>
    <property name="sun.io.unicode.encoding" value="UnicodeBig"/>
    <property name="socksNonProxyHosts" value="local|*.local|169.254/16|*.169.254/16"/>
    <property name="java.class.version" value="66.0"/>
  </properties>
  <testcase name="testDueDate" classname="models.LoanTest" time="0.028"/>
</testsuite>